<?xml version="1.0" encoding="UTF-8"?>
<coverage generated="1644898131734" clover="3.2.0">
  <project timestamp="1644898131734" name="All files">
    <metrics statements="51" coveredstatements="51" conditionals="28" coveredconditionals="25" methods="22" coveredmethods="22" elements="101" coveredelements="98" complexity="0" loc="51" ncloc="51" packages="2" files="6" classes="6">
      <package name="src">
        <metrics statements="50" coveredstatements="50" conditionals="28" coveredconditionals="25" methods="22" coveredmethods="22"/>
        <file name="AutoAdvances.js" path="C:\Users\ptdri\OneDrive\Desktop\Data Apps\React\Testing\Test-Driven Development\carousel\src\AutoAdvances.js">
          <metrics statements="15" coveredstatements="15" conditionals="12" coveredconditionals="10" methods="7" coveredmethods="7"/>
          <line num="5" count="2" type="stmt"/>
          <line num="24" count="12" type="stmt"/>
          <line num="28" count="5" type="cond" truecount="1" falsecount="1"/>
          <line num="32" count="5" type="stmt"/>
          <line num="37" count="1" type="stmt"/>
          <line num="41" count="17" type="stmt"/>
          <line num="42" count="17" type="cond" truecount="2" falsecount="0"/>
          <line num="45" count="16" type="cond" truecount="2" falsecount="0"/>
          <line num="46" count="7" type="stmt"/>
          <line num="47" count="9" type="cond" truecount="1" falsecount="1"/>
          <line num="48" count="9" type="stmt"/>
          <line num="51" count="16" type="stmt"/>
          <line num="52" count="5" type="stmt"/>
          <line num="57" count="17" type="stmt"/>
          <line num="58" count="17" type="stmt"/>
        </file>
        <file name="Carousel.js" path="C:\Users\ptdri\OneDrive\Desktop\Data Apps\React\Testing\Test-Driven Development\carousel\src\Carousel.js">
          <metrics statements="6" coveredstatements="6" conditionals="0" coveredconditionals="0" methods="3" coveredmethods="3"/>
          <line num="31" count="1" type="stmt"/>
          <line num="32" count="1" type="stmt"/>
          <line num="36" count="1" type="stmt"/>
          <line num="37" count="1" type="stmt"/>
          <line num="51" count="20" type="stmt"/>
          <line num="53" count="20" type="stmt"/>
        </file>
        <file name="CarouselButton.js" path="C:\Users\ptdri\OneDrive\Desktop\Data Apps\React\Testing\Test-Driven Development\carousel\src\CarouselButton.js">
          <metrics statements="2" coveredstatements="2" conditionals="0" coveredconditionals="0" methods="1" coveredmethods="1"/>
          <line num="4" count="20" type="stmt"/>
          <line num="6" count="2" type="stmt"/>
        </file>
        <file name="CarouselSlide.js" path="C:\Users\ptdri\OneDrive\Desktop\Data Apps\React\Testing\Test-Driven Development\carousel\src\CarouselSlide.js">
          <metrics statements="6" coveredstatements="6" conditionals="2" coveredconditionals="2" methods="2" coveredmethods="2"/>
          <line num="14" count="2" type="stmt"/>
          <line num="18" count="30" type="cond" truecount="2" falsecount="0"/>
          <line num="23" count="2" type="stmt"/>
          <line num="31" count="18" type="stmt"/>
          <line num="39" count="2" type="stmt"/>
          <line num="47" count="2" type="stmt"/>
        </file>
        <file name="HasIndex.js" path="C:\Users\ptdri\OneDrive\Desktop\Data Apps\React\Testing\Test-Driven Development\carousel\src\HasIndex.js">
          <metrics statements="21" coveredstatements="21" conditionals="14" coveredconditionals="13" methods="9" coveredmethods="9"/>
          <line num="4" count="2" type="stmt"/>
          <line num="7" count="2" type="stmt"/>
          <line num="9" count="2" type="stmt"/>
          <line num="23" count="36" type="cond" truecount="2" falsecount="0"/>
          <line num="27" count="5" type="stmt"/>
          <line num="29" count="31" type="stmt"/>
          <line num="33" count="19" type="stmt"/>
          <line num="34" count="19" type="stmt"/>
          <line num="40" count="3" type="stmt"/>
          <line num="41" count="3" type="stmt"/>
          <line num="42" count="3" type="cond" truecount="2" falsecount="0"/>
          <line num="45" count="3" type="cond" truecount="2" falsecount="0"/>
          <line num="46" count="3" type="stmt"/>
          <line num="53" count="4" type="stmt"/>
          <line num="54" count="4" type="stmt"/>
          <line num="55" count="4" type="cond" truecount="2" falsecount="0"/>
          <line num="56" count="4" type="cond" truecount="2" falsecount="0"/>
          <line num="57" count="4" type="stmt"/>
          <line num="62" count="32" type="stmt"/>
          <line num="63" count="32" type="stmt"/>
          <line num="68" count="32" type="stmt"/>
        </file>
      </package>
      <package name="src.tests">
        <metrics statements="1" coveredstatements="1" conditionals="0" coveredconditionals="0" methods="0" coveredmethods="0"/>
        <file name="jestSetup.js" path="C:\Users\ptdri\OneDrive\Desktop\Data Apps\React\Testing\Test-Driven Development\carousel\src\tests\jestSetup.js">
          <metrics statements="1" coveredstatements="1" conditionals="0" coveredconditionals="0" methods="0" coveredmethods="0"/>
          <line num="7" count="5" type="stmt"/>
        </file>
      </package>
    </metrics>
  </project>
</coverage>
