<?xml version="1.0" encoding="UTF-8"?>
<coverage generated="1644616456025" clover="3.2.0">
  <project timestamp="1644616456025" name="All files">
    <metrics statements="15" coveredstatements="15" conditionals="2" coveredconditionals="2" methods="8" coveredmethods="8" elements="25" coveredelements="25" complexity="0" loc="15" ncloc="15" packages="2" files="4" classes="4">
      <package name="src">
        <metrics statements="14" coveredstatements="14" conditionals="2" coveredconditionals="2" methods="8" coveredmethods="8"/>
        <file name="Carousel.js" path="C:\Users\ptdri\OneDrive\Desktop\Data Apps\React\Testing\Test-Driven Development\test-driven-carousel\src\Carousel.js">
          <metrics statements="6" coveredstatements="6" conditionals="0" coveredconditionals="0" methods="5" coveredmethods="5"/>
          <line num="22" count="2" type="stmt"/>
          <line num="23" count="2" type="stmt"/>
          <line num="29" count="2" type="stmt"/>
          <line num="30" count="2" type="stmt"/>
          <line num="36" count="17" type="stmt"/>
          <line num="37" count="17" type="stmt"/>
        </file>
        <file name="CarouselButton.js" path="C:\Users\ptdri\OneDrive\Desktop\Data Apps\React\Testing\Test-Driven Development\test-driven-carousel\src\CarouselButton.js">
          <metrics statements="2" coveredstatements="2" conditionals="0" coveredconditionals="0" methods="1" coveredmethods="1"/>
          <line num="4" count="4" type="stmt"/>
          <line num="6" count="2" type="stmt"/>
        </file>
        <file name="CarouselSlide.js" path="C:\Users\ptdri\OneDrive\Desktop\Data Apps\React\Testing\Test-Driven Development\test-driven-carousel\src\CarouselSlide.js">
          <metrics statements="6" coveredstatements="6" conditionals="2" coveredconditionals="2" methods="2" coveredmethods="2"/>
          <line num="14" count="2" type="stmt"/>
          <line num="18" count="8" type="cond" truecount="2" falsecount="0"/>
          <line num="23" count="2" type="stmt"/>
          <line num="31" count="7" type="stmt"/>
          <line num="39" count="2" type="stmt"/>
          <line num="47" count="2" type="stmt"/>
        </file>
      </package>
      <package name="src.tests">
        <metrics statements="1" coveredstatements="1" conditionals="0" coveredconditionals="0" methods="0" coveredmethods="0"/>
        <file name="jestSetup.js" path="C:\Users\ptdri\OneDrive\Desktop\Data Apps\React\Testing\Test-Driven Development\test-driven-carousel\src\tests\jestSetup.js">
          <metrics statements="1" coveredstatements="1" conditionals="0" coveredconditionals="0" methods="0" coveredmethods="0"/>
          <line num="7" count="3" type="stmt"/>
        </file>
      </package>
    </metrics>
  </project>
</coverage>
