{"C:\\Users\\ptdri\\OneDrive\\Desktop\\Data Apps\\React\\Testing\\Test-Driven Development\\test-driven-carousel\\src\\Carousel.js": {"path":"C:\\Users\\ptdri\\OneDrive\\Desktop\\Data Apps\\React\\Testing\\Test-Driven Development\\test-driven-carousel\\src\\Carousel.js","statementMap":{"0":{"start":{"line":22,"column":23},"end":{"line":22,"column":33}},"1":{"start":{"line":23,"column":4},"end":{"line":25,"column":8}},"2":{"start":{"line":23,"column":39},"end":{"line":25,"column":5}},"3":{"start":{"line":29,"column":23},"end":{"line":29,"column":33}},"4":{"start":{"line":30,"column":4},"end":{"line":32,"column":8}},"5":{"start":{"line":30,"column":39},"end":{"line":32,"column":5}},"6":{"start":{"line":36,"column":50},"end":{"line":36,"column":60}},"7":{"start":{"line":37,"column":4},"end":{"line":50,"column":6}}},"fnMap":{"0":{"name":"(anonymous_0)","decl":{"start":{"line":21,"column":20},"end":{"line":21,"column":21}},"loc":{"start":{"line":21,"column":26},"end":{"line":26,"column":3}},"line":21},"1":{"name":"(anonymous_1)","decl":{"start":{"line":23,"column":18},"end":{"line":23,"column":19}},"loc":{"start":{"line":23,"column":39},"end":{"line":25,"column":5}},"line":23},"2":{"name":"(anonymous_2)","decl":{"start":{"line":28,"column":20},"end":{"line":28,"column":21}},"loc":{"start":{"line":28,"column":26},"end":{"line":33,"column":3}},"line":28},"3":{"name":"(anonymous_3)","decl":{"start":{"line":30,"column":18},"end":{"line":30,"column":19}},"loc":{"start":{"line":30,"column":39},"end":{"line":32,"column":5}},"line":30},"4":{"name":"(anonymous_4)","decl":{"start":{"line":35,"column":2},"end":{"line":35,"column":3}},"loc":{"start":{"line":35,"column":11},"end":{"line":51,"column":3}},"line":35}},"branchMap":{},"s":{"0":2,"1":2,"2":2,"3":2,"4":2,"5":2,"6":17,"7":17},"f":{"0":2,"1":2,"2":2,"3":2,"4":17},"b":{},"_coverageSchema":"332fd63041d2c1bcb487cc26dd0d5f7d97098a6c","hash":"07391d9bf28939f97a903abf89b16c2be4e33806"}
,"C:\\Users\\ptdri\\OneDrive\\Desktop\\Data Apps\\React\\Testing\\Test-Driven Development\\test-driven-carousel\\src\\CarouselButton.js": {"path":"C:\\Users\\ptdri\\OneDrive\\Desktop\\Data Apps\\React\\Testing\\Test-Driven Development\\test-driven-carousel\\src\\CarouselButton.js","statementMap":{"0":{"start":{"line":4,"column":23},"end":{"line":4,"column":55}},"1":{"start":{"line":4,"column":34},"end":{"line":4,"column":55}},"2":{"start":{"line":6,"column":0},"end":{"line":8,"column":2}}},"fnMap":{"0":{"name":"(anonymous_0)","decl":{"start":{"line":4,"column":23},"end":{"line":4,"column":24}},"loc":{"start":{"line":4,"column":34},"end":{"line":4,"column":55}},"line":4}},"branchMap":{},"s":{"0":2,"1":4,"2":2},"f":{"0":4},"b":{},"_coverageSchema":"332fd63041d2c1bcb487cc26dd0d5f7d97098a6c","hash":"6cdc2bde950d473c6c3706eb726e576c3b425b60"}
,"C:\\Users\\ptdri\\OneDrive\\Desktop\\Data Apps\\React\\Testing\\Test-Driven Development\\test-driven-carousel\\src\\CarouselSlide.js": {"path":"C:\\Users\\ptdri\\OneDrive\\Desktop\\Data Apps\\React\\Testing\\Test-Driven Development\\test-driven-carousel\\src\\CarouselSlide.js","statementMap":{"0":{"start":{"line":14,"column":19},"end":{"line":21,"column":1}},"1":{"start":{"line":18,"column":4},"end":{"line":20,"column":23}},"2":{"start":{"line":23,"column":22},"end":{"line":37,"column":1}},"3":{"start":{"line":31,"column":2},"end":{"line":36,"column":11}},"4":{"start":{"line":39,"column":0},"end":{"line":45,"column":2}},"5":{"start":{"line":47,"column":0},"end":{"line":50,"column":2}}},"fnMap":{"0":{"name":"(anonymous_0)","decl":{"start":{"line":17,"column":12},"end":{"line":17,"column":13}},"loc":{"start":{"line":18,"column":4},"end":{"line":20,"column":23}},"line":18},"1":{"name":"(anonymous_1)","decl":{"start":{"line":23,"column":22},"end":{"line":23,"column":23}},"loc":{"start":{"line":31,"column":2},"end":{"line":36,"column":11}},"line":31}},"branchMap":{"0":{"loc":{"start":{"line":18,"column":4},"end":{"line":20,"column":23}},"type":"cond-expr","locations":[{"start":{"line":19,"column":8},"end":{"line":19,"column":30}},{"start":{"line":20,"column":8},"end":{"line":20,"column":23}}],"line":18}},"s":{"0":2,"1":2,"2":2,"3":7,"4":2,"5":2},"f":{"0":2,"1":7},"b":{"0":[2,0]},"_coverageSchema":"332fd63041d2c1bcb487cc26dd0d5f7d97098a6c","hash":"2f55d8b2cb1dc87c12290c2085aa05eadc3aefb6"}
,"C:\\Users\\ptdri\\OneDrive\\Desktop\\Data Apps\\React\\Testing\\Test-Driven Development\\test-driven-carousel\\src\\tests\\jestSetup.js": {"path":"C:\\Users\\ptdri\\OneDrive\\Desktop\\Data Apps\\React\\Testing\\Test-Driven Development\\test-driven-carousel\\src\\tests\\jestSetup.js","statementMap":{"0":{"start":{"line":7,"column":0},"end":{"line":7,"column":38}}},"fnMap":{},"branchMap":{},"s":{"0":3},"f":{},"b":{},"_coverageSchema":"332fd63041d2c1bcb487cc26dd0d5f7d97098a6c","hash":"18192ba365e5eb49fc0c3e9fc0d0252cfe84ea0b"}
}
