{"C:\\Users\\ptdri\\OneDrive\\Desktop\\Data Apps\\React\\Testing\\Test-Driven Development\\carousel\\src\\AutoAdvances.js": {"path":"C:\\Users\\ptdri\\OneDrive\\Desktop\\Data Apps\\React\\Testing\\Test-Driven Development\\carousel\\src\\AutoAdvances.js","statementMap":{"0":{"start":{"line":5,"column":2},"end":{"line":60,"column":4}},"1":{"start":{"line":24,"column":6},"end":{"line":24,"column":24}},"2":{"start":{"line":28,"column":6},"end":{"line":33,"column":7}},"3":{"start":{"line":32,"column":8},"end":{"line":32,"column":26}},"4":{"start":{"line":37,"column":6},"end":{"line":37,"column":32}},"5":{"start":{"line":41,"column":6},"end":{"line":41,"column":32}},"6":{"start":{"line":42,"column":6},"end":{"line":42,"column":47}},"7":{"start":{"line":42,"column":40},"end":{"line":42,"column":47}},"8":{"start":{"line":45,"column":6},"end":{"line":49,"column":7}},"9":{"start":{"line":46,"column":8},"end":{"line":46,"column":52}},"10":{"start":{"line":47,"column":13},"end":{"line":49,"column":7}},"11":{"start":{"line":48,"column":8},"end":{"line":48,"column":59}},"12":{"start":{"line":51,"column":6},"end":{"line":53,"column":38}},"13":{"start":{"line":52,"column":8},"end":{"line":52,"column":55}},"14":{"start":{"line":57,"column":63},"end":{"line":57,"column":73}},"15":{"start":{"line":58,"column":6},"end":{"line":58,"column":37}}},"fnMap":{"0":{"name":"(anonymous_0)","decl":{"start":{"line":4,"column":15},"end":{"line":4,"column":16}},"loc":{"start":{"line":4,"column":60},"end":{"line":61,"column":1}},"line":4},"1":{"name":"(anonymous_1)","decl":{"start":{"line":23,"column":4},"end":{"line":23,"column":5}},"loc":{"start":{"line":23,"column":24},"end":{"line":25,"column":5}},"line":23},"2":{"name":"(anonymous_2)","decl":{"start":{"line":27,"column":4},"end":{"line":27,"column":5}},"loc":{"start":{"line":27,"column":34},"end":{"line":34,"column":5}},"line":27},"3":{"name":"(anonymous_3)","decl":{"start":{"line":36,"column":4},"end":{"line":36,"column":5}},"loc":{"start":{"line":36,"column":27},"end":{"line":38,"column":5}},"line":36},"4":{"name":"(anonymous_4)","decl":{"start":{"line":40,"column":4},"end":{"line":40,"column":5}},"loc":{"start":{"line":40,"column":17},"end":{"line":54,"column":5}},"line":40},"5":{"name":"(anonymous_5)","decl":{"start":{"line":51,"column":31},"end":{"line":51,"column":32}},"loc":{"start":{"line":51,"column":37},"end":{"line":53,"column":7}},"line":51},"6":{"name":"(anonymous_6)","decl":{"start":{"line":56,"column":4},"end":{"line":56,"column":5}},"loc":{"start":{"line":56,"column":13},"end":{"line":59,"column":5}},"line":56}},"branchMap":{"0":{"loc":{"start":{"line":6,"column":41},"end":{"line":7,"column":20}},"type":"binary-expr","locations":[{"start":{"line":6,"column":41},"end":{"line":6,"column":62}},{"start":{"line":7,"column":6},"end":{"line":7,"column":20}}],"line":6},"1":{"loc":{"start":{"line":28,"column":6},"end":{"line":33,"column":7}},"type":"if","locations":[{"start":{"line":28,"column":6},"end":{"line":33,"column":7}},{"start":{"line":28,"column":6},"end":{"line":33,"column":7}}],"line":28},"2":{"loc":{"start":{"line":29,"column":8},"end":{"line":30,"column":72}},"type":"binary-expr","locations":[{"start":{"line":29,"column":8},"end":{"line":29,"column":52}},{"start":{"line":30,"column":8},"end":{"line":30,"column":72}}],"line":29},"3":{"loc":{"start":{"line":42,"column":6},"end":{"line":42,"column":47}},"type":"if","locations":[{"start":{"line":42,"column":6},"end":{"line":42,"column":47}},{"start":{"line":42,"column":6},"end":{"line":42,"column":47}}],"line":42},"4":{"loc":{"start":{"line":45,"column":6},"end":{"line":49,"column":7}},"type":"if","locations":[{"start":{"line":45,"column":6},"end":{"line":49,"column":7}},{"start":{"line":45,"column":6},"end":{"line":49,"column":7}}],"line":45},"5":{"loc":{"start":{"line":47,"column":13},"end":{"line":49,"column":7}},"type":"if","locations":[{"start":{"line":47,"column":13},"end":{"line":49,"column":7}},{"start":{"line":47,"column":13},"end":{"line":49,"column":7}}],"line":47}},"s":{"0":2,"1":12,"2":5,"3":5,"4":1,"5":17,"6":17,"7":1,"8":16,"9":7,"10":9,"11":9,"12":16,"13":5,"14":17,"15":17},"f":{"0":2,"1":12,"2":5,"3":1,"4":17,"5":5,"6":17},"b":{"0":[2,1],"1":[5,0],"2":[5,1],"3":[1,16],"4":[7,9],"5":[9,0]},"_coverageSchema":"332fd63041d2c1bcb487cc26dd0d5f7d97098a6c","hash":"5119bfff52a6004583549d100ef7f8a0a7064a0f"}
,"C:\\Users\\ptdri\\OneDrive\\Desktop\\Data Apps\\React\\Testing\\Test-Driven Development\\carousel\\src\\Carousel.js": {"path":"C:\\Users\\ptdri\\OneDrive\\Desktop\\Data Apps\\React\\Testing\\Test-Driven Development\\carousel\\src\\Carousel.js","statementMap":{"0":{"start":{"line":31,"column":44},"end":{"line":31,"column":54}},"1":{"start":{"line":32,"column":4},"end":{"line":32,"column":39}},"2":{"start":{"line":36,"column":44},"end":{"line":36,"column":54}},"3":{"start":{"line":37,"column":4},"end":{"line":37,"column":39}},"4":{"start":{"line":51,"column":8},"end":{"line":51,"column":18}},"5":{"start":{"line":53,"column":4},"end":{"line":67,"column":6}}},"fnMap":{"0":{"name":"(anonymous_0)","decl":{"start":{"line":28,"column":20},"end":{"line":28,"column":21}},"loc":{"start":{"line":28,"column":26},"end":{"line":33,"column":3}},"line":28},"1":{"name":"(anonymous_1)","decl":{"start":{"line":35,"column":20},"end":{"line":35,"column":21}},"loc":{"start":{"line":35,"column":26},"end":{"line":38,"column":3}},"line":35},"2":{"name":"(anonymous_2)","decl":{"start":{"line":40,"column":2},"end":{"line":40,"column":3}},"loc":{"start":{"line":40,"column":11},"end":{"line":68,"column":3}},"line":40}},"branchMap":{},"s":{"0":1,"1":1,"2":1,"3":1,"4":20,"5":20},"f":{"0":1,"1":1,"2":20},"b":{},"_coverageSchema":"332fd63041d2c1bcb487cc26dd0d5f7d97098a6c","hash":"87a49437b3e20428cbc4dd4ca7d86de0f5bbe9ca"}
,"C:\\Users\\ptdri\\OneDrive\\Desktop\\Data Apps\\React\\Testing\\Test-Driven Development\\carousel\\src\\CarouselButton.js": {"path":"C:\\Users\\ptdri\\OneDrive\\Desktop\\Data Apps\\React\\Testing\\Test-Driven Development\\carousel\\src\\CarouselButton.js","statementMap":{"0":{"start":{"line":4,"column":23},"end":{"line":4,"column":53}},"1":{"start":{"line":4,"column":32},"end":{"line":4,"column":53}},"2":{"start":{"line":6,"column":0},"end":{"line":8,"column":2}}},"fnMap":{"0":{"name":"(anonymous_0)","decl":{"start":{"line":4,"column":23},"end":{"line":4,"column":24}},"loc":{"start":{"line":4,"column":32},"end":{"line":4,"column":53}},"line":4}},"branchMap":{},"s":{"0":2,"1":20,"2":2},"f":{"0":20},"b":{},"_coverageSchema":"332fd63041d2c1bcb487cc26dd0d5f7d97098a6c","hash":"9235e439334e40ec7061331ebf3bd92b316863bd"}
,"C:\\Users\\ptdri\\OneDrive\\Desktop\\Data Apps\\React\\Testing\\Test-Driven Development\\carousel\\src\\CarouselSlide.js": {"path":"C:\\Users\\ptdri\\OneDrive\\Desktop\\Data Apps\\React\\Testing\\Test-Driven Development\\carousel\\src\\CarouselSlide.js","statementMap":{"0":{"start":{"line":14,"column":19},"end":{"line":21,"column":1}},"1":{"start":{"line":18,"column":4},"end":{"line":20,"column":23}},"2":{"start":{"line":23,"column":22},"end":{"line":37,"column":1}},"3":{"start":{"line":31,"column":2},"end":{"line":36,"column":11}},"4":{"start":{"line":39,"column":0},"end":{"line":45,"column":2}},"5":{"start":{"line":47,"column":0},"end":{"line":50,"column":2}}},"fnMap":{"0":{"name":"(anonymous_0)","decl":{"start":{"line":17,"column":12},"end":{"line":17,"column":13}},"loc":{"start":{"line":18,"column":4},"end":{"line":20,"column":23}},"line":18},"1":{"name":"(anonymous_1)","decl":{"start":{"line":23,"column":22},"end":{"line":23,"column":23}},"loc":{"start":{"line":31,"column":2},"end":{"line":36,"column":11}},"line":31}},"branchMap":{"0":{"loc":{"start":{"line":18,"column":4},"end":{"line":20,"column":23}},"type":"cond-expr","locations":[{"start":{"line":19,"column":8},"end":{"line":19,"column":30}},{"start":{"line":20,"column":8},"end":{"line":20,"column":23}}],"line":18}},"s":{"0":2,"1":30,"2":2,"3":18,"4":2,"5":2},"f":{"0":30,"1":18},"b":{"0":[28,2]},"_coverageSchema":"332fd63041d2c1bcb487cc26dd0d5f7d97098a6c","hash":"48b92abc5e25e77ecec421e849371f6f67f63ae1"}
,"C:\\Users\\ptdri\\OneDrive\\Desktop\\Data Apps\\React\\Testing\\Test-Driven Development\\carousel\\src\\HasIndex.js": {"path":"C:\\Users\\ptdri\\OneDrive\\Desktop\\Data Apps\\React\\Testing\\Test-Driven Development\\carousel\\src\\HasIndex.js","statementMap":{"0":{"start":{"line":4,"column":19},"end":{"line":4,"column":69}},"1":{"start":{"line":4,"column":27},"end":{"line":4,"column":69}},"2":{"start":{"line":7,"column":31},"end":{"line":7,"column":68}},"3":{"start":{"line":9,"column":2},"end":{"line":70,"column":4}},"4":{"start":{"line":23,"column":6},"end":{"line":28,"column":7}},"5":{"start":{"line":27,"column":8},"end":{"line":27,"column":47}},"6":{"start":{"line":29,"column":6},"end":{"line":29,"column":18}},"7":{"start":{"line":33,"column":6},"end":{"line":33,"column":19}},"8":{"start":{"line":34,"column":6},"end":{"line":34,"column":58}},"9":{"start":{"line":40,"column":32},"end":{"line":40,"column":42}},"10":{"start":{"line":41,"column":6},"end":{"line":49,"column":9}},"11":{"start":{"line":42,"column":25},"end":{"line":44,"column":21}},"12":{"start":{"line":45,"column":8},"end":{"line":45,"column":74}},"13":{"start":{"line":45,"column":27},"end":{"line":45,"column":74}},"14":{"start":{"line":46,"column":8},"end":{"line":48,"column":10}},"15":{"start":{"line":53,"column":32},"end":{"line":53,"column":42}},"16":{"start":{"line":54,"column":6},"end":{"line":58,"column":9}},"17":{"start":{"line":55,"column":25},"end":{"line":55,"column":74}},"18":{"start":{"line":56,"column":8},"end":{"line":56,"column":74}},"19":{"start":{"line":56,"column":27},"end":{"line":56,"column":74}},"20":{"start":{"line":57,"column":8},"end":{"line":57,"column":35}},"21":{"start":{"line":62,"column":69},"end":{"line":62,"column":79}},"22":{"start":{"line":63,"column":25},"end":{"line":67,"column":7}},"23":{"start":{"line":68,"column":6},"end":{"line":68,"column":53}}},"fnMap":{"0":{"name":"(anonymous_0)","decl":{"start":{"line":4,"column":19},"end":{"line":4,"column":20}},"loc":{"start":{"line":4,"column":27},"end":{"line":4,"column":69}},"line":4},"1":{"name":"(anonymous_1)","decl":{"start":{"line":6,"column":15},"end":{"line":6,"column":16}},"loc":{"start":{"line":6,"column":45},"end":{"line":71,"column":1}},"line":6},"2":{"name":"(anonymous_2)","decl":{"start":{"line":22,"column":4},"end":{"line":22,"column":5}},"loc":{"start":{"line":22,"column":50},"end":{"line":30,"column":5}},"line":22},"3":{"name":"(anonymous_3)","decl":{"start":{"line":32,"column":4},"end":{"line":32,"column":5}},"loc":{"start":{"line":32,"column":23},"end":{"line":35,"column":5}},"line":32},"4":{"name":"(anonymous_4)","decl":{"start":{"line":39,"column":22},"end":{"line":39,"column":23}},"loc":{"start":{"line":39,"column":36},"end":{"line":50,"column":5}},"line":39},"5":{"name":"(anonymous_5)","decl":{"start":{"line":41,"column":20},"end":{"line":41,"column":21}},"loc":{"start":{"line":41,"column":35},"end":{"line":49,"column":7}},"line":41},"6":{"name":"(anonymous_6)","decl":{"start":{"line":52,"column":22},"end":{"line":52,"column":23}},"loc":{"start":{"line":52,"column":36},"end":{"line":59,"column":5}},"line":52},"7":{"name":"(anonymous_7)","decl":{"start":{"line":54,"column":20},"end":{"line":54,"column":21}},"loc":{"start":{"line":54,"column":35},"end":{"line":58,"column":7}},"line":54},"8":{"name":"(anonymous_8)","decl":{"start":{"line":61,"column":4},"end":{"line":61,"column":5}},"loc":{"start":{"line":61,"column":13},"end":{"line":69,"column":5}},"line":61}},"branchMap":{"0":{"loc":{"start":{"line":10,"column":37},"end":{"line":10,"column":76}},"type":"binary-expr","locations":[{"start":{"line":10,"column":37},"end":{"line":10,"column":58}},{"start":{"line":10,"column":62},"end":{"line":10,"column":76}}],"line":10},"1":{"loc":{"start":{"line":23,"column":6},"end":{"line":28,"column":7}},"type":"if","locations":[{"start":{"line":23,"column":6},"end":{"line":28,"column":7}},{"start":{"line":23,"column":6},"end":{"line":28,"column":7}}],"line":23},"2":{"loc":{"start":{"line":24,"column":8},"end":{"line":25,"column":44}},"type":"binary-expr","locations":[{"start":{"line":24,"column":8},"end":{"line":24,"column":36}},{"start":{"line":25,"column":8},"end":{"line":25,"column":44}}],"line":24},"3":{"loc":{"start":{"line":42,"column":25},"end":{"line":44,"column":21}},"type":"cond-expr","locations":[{"start":{"line":43,"column":12},"end":{"line":43,"column":49}},{"start":{"line":44,"column":12},"end":{"line":44,"column":21}}],"line":42},"4":{"loc":{"start":{"line":45,"column":8},"end":{"line":45,"column":74}},"type":"if","locations":[{"start":{"line":45,"column":8},"end":{"line":45,"column":74}},{"start":{"line":45,"column":8},"end":{"line":45,"column":74}}],"line":45},"5":{"loc":{"start":{"line":55,"column":25},"end":{"line":55,"column":74}},"type":"cond-expr","locations":[{"start":{"line":55,"column":38},"end":{"line":55,"column":62}},{"start":{"line":55,"column":65},"end":{"line":55,"column":74}}],"line":55},"6":{"loc":{"start":{"line":56,"column":8},"end":{"line":56,"column":74}},"type":"if","locations":[{"start":{"line":56,"column":8},"end":{"line":56,"column":74}},{"start":{"line":56,"column":8},"end":{"line":56,"column":74}}],"line":56}},"s":{"0":2,"1":2,"2":2,"3":2,"4":36,"5":5,"6":31,"7":19,"8":19,"9":3,"10":3,"11":3,"12":3,"13":1,"14":3,"15":4,"16":4,"17":4,"18":4,"19":1,"20":4,"21":32,"22":32,"23":32},"f":{"0":2,"1":2,"2":36,"3":19,"4":3,"5":3,"6":4,"7":4,"8":32},"b":{"0":[2,0],"1":[5,31],"2":[36,6],"3":[2,1],"4":[1,2],"5":[3,1],"6":[1,3]},"_coverageSchema":"332fd63041d2c1bcb487cc26dd0d5f7d97098a6c","hash":"b1eac3cb0f4c6fc7c6585a980b7ff7afaf3a3bbb"}
,"C:\\Users\\ptdri\\OneDrive\\Desktop\\Data Apps\\React\\Testing\\Test-Driven Development\\carousel\\src\\tests\\jestSetup.js": {"path":"C:\\Users\\ptdri\\OneDrive\\Desktop\\Data Apps\\React\\Testing\\Test-Driven Development\\carousel\\src\\tests\\jestSetup.js","statementMap":{"0":{"start":{"line":7,"column":0},"end":{"line":7,"column":38}}},"fnMap":{},"branchMap":{},"s":{"0":5},"f":{},"b":{},"_coverageSchema":"332fd63041d2c1bcb487cc26dd0d5f7d97098a6c","hash":"f0820fcaa3af274b01cb4fa7f338d40a123db9b7"}
}
