TN:
SF:C:\Users\ptdri\OneDrive\Desktop\Data Apps\React\Testing\Test-Driven Development\test-driven-carousel\src\Carousel.js
FN:21,(anonymous_0)
FN:23,(anonymous_1)
FN:28,(anonymous_2)
FN:30,(anonymous_3)
FN:35,(anonymous_4)
FNF:5
FNH:5
FNDA:2,(anonymous_0)
FNDA:2,(anonymous_1)
FNDA:2,(anonymous_2)
FNDA:2,(anonymous_3)
FNDA:17,(anonymous_4)
DA:22,2
DA:23,2
DA:29,2
DA:30,2
DA:36,17
DA:37,17
LF:6
LH:6
BRF:0
BRH:0
end_of_record
TN:
SF:C:\Users\ptdri\OneDrive\Desktop\Data Apps\React\Testing\Test-Driven Development\test-driven-carousel\src\CarouselButton.js
FN:4,(anonymous_0)
FNF:1
FNH:1
FNDA:4,(anonymous_0)
DA:4,4
DA:6,2
LF:2
LH:2
BRF:0
BRH:0
end_of_record
TN:
SF:C:\Users\ptdri\OneDrive\Desktop\Data Apps\React\Testing\Test-Driven Development\test-driven-carousel\src\CarouselSlide.js
FN:17,(anonymous_0)
FN:23,(anonymous_1)
FNF:2
FNH:2
FNDA:8,(anonymous_0)
FNDA:7,(anonymous_1)
DA:14,2
DA:18,8
DA:23,2
DA:31,7
DA:39,2
DA:47,2
LF:6
LH:6
BRDA:18,0,0,6
BRDA:18,0,1,2
BRF:2
BRH:2
end_of_record
TN:
SF:C:\Users\ptdri\OneDrive\Desktop\Data Apps\React\Testing\Test-Driven Development\test-driven-carousel\src\tests\jestSetup.js
FNF:0
FNH:0
DA:7,3
LF:1
LH:1
BRF:0
BRH:0
end_of_record
