TN:
SF:C:\Users\ptdri\OneDrive\Desktop\Data Apps\React\Testing\Test-Driven Development\carousel\src\AutoAdvances.js
FN:4,(anonymous_0)
FN:23,(anonymous_1)
FN:27,(anonymous_2)
FN:36,(anonymous_3)
FN:40,(anonymous_4)
FN:51,(anonymous_5)
FN:56,(anonymous_6)
FNF:7
FNH:7
FNDA:2,(anonymous_0)
FNDA:12,(anonymous_1)
FNDA:5,(anonymous_2)
FNDA:1,(anonymous_3)
FNDA:17,(anonymous_4)
FNDA:5,(anonymous_5)
FNDA:17,(anonymous_6)
DA:5,2
DA:24,12
DA:28,5
DA:32,5
DA:37,1
DA:41,17
DA:42,17
DA:45,16
DA:46,7
DA:47,9
DA:48,9
DA:51,16
DA:52,5
DA:57,17
DA:58,17
LF:15
LH:15
BRDA:6,0,0,2
BRDA:6,0,1,1
BRDA:28,1,0,5
BRDA:28,1,1,0
BRDA:29,2,0,5
BRDA:29,2,1,1
BRDA:42,3,0,1
BRDA:42,3,1,16
BRDA:45,4,0,7
BRDA:45,4,1,9
BRDA:47,5,0,9
BRDA:47,5,1,0
BRF:12
BRH:10
end_of_record
TN:
SF:C:\Users\ptdri\OneDrive\Desktop\Data Apps\React\Testing\Test-Driven Development\carousel\src\Carousel.js
FN:28,(anonymous_0)
FN:35,(anonymous_1)
FN:40,(anonymous_2)
FNF:3
FNH:3
FNDA:1,(anonymous_0)
FNDA:1,(anonymous_1)
FNDA:20,(anonymous_2)
DA:31,1
DA:32,1
DA:36,1
DA:37,1
DA:51,20
DA:53,20
LF:6
LH:6
BRF:0
BRH:0
end_of_record
TN:
SF:C:\Users\ptdri\OneDrive\Desktop\Data Apps\React\Testing\Test-Driven Development\carousel\src\CarouselButton.js
FN:4,(anonymous_0)
FNF:1
FNH:1
FNDA:20,(anonymous_0)
DA:4,20
DA:6,2
LF:2
LH:2
BRF:0
BRH:0
end_of_record
TN:
SF:C:\Users\ptdri\OneDrive\Desktop\Data Apps\React\Testing\Test-Driven Development\carousel\src\CarouselSlide.js
FN:17,(anonymous_0)
FN:23,(anonymous_1)
FNF:2
FNH:2
FNDA:30,(anonymous_0)
FNDA:18,(anonymous_1)
DA:14,2
DA:18,30
DA:23,2
DA:31,18
DA:39,2
DA:47,2
LF:6
LH:6
BRDA:18,0,0,28
BRDA:18,0,1,2
BRF:2
BRH:2
end_of_record
TN:
SF:C:\Users\ptdri\OneDrive\Desktop\Data Apps\React\Testing\Test-Driven Development\carousel\src\HasIndex.js
FN:4,(anonymous_0)
FN:6,(anonymous_1)
FN:22,(anonymous_2)
FN:32,(anonymous_3)
FN:39,(anonymous_4)
FN:41,(anonymous_5)
FN:52,(anonymous_6)
FN:54,(anonymous_7)
FN:61,(anonymous_8)
FNF:9
FNH:9
FNDA:2,(anonymous_0)
FNDA:2,(anonymous_1)
FNDA:36,(anonymous_2)
FNDA:19,(anonymous_3)
FNDA:3,(anonymous_4)
FNDA:3,(anonymous_5)
FNDA:4,(anonymous_6)
FNDA:4,(anonymous_7)
FNDA:32,(anonymous_8)
DA:4,2
DA:7,2
DA:9,2
DA:23,36
DA:27,5
DA:29,31
DA:33,19
DA:34,19
DA:40,3
DA:41,3
DA:42,3
DA:45,3
DA:46,3
DA:53,4
DA:54,4
DA:55,4
DA:56,4
DA:57,4
DA:62,32
DA:63,32
DA:68,32
LF:21
LH:21
BRDA:10,0,0,2
BRDA:10,0,1,0
BRDA:23,1,0,5
BRDA:23,1,1,31
BRDA:24,2,0,36
BRDA:24,2,1,6
BRDA:42,3,0,2
BRDA:42,3,1,1
BRDA:45,4,0,1
BRDA:45,4,1,2
BRDA:55,5,0,3
BRDA:55,5,1,1
BRDA:56,6,0,1
BRDA:56,6,1,3
BRF:14
BRH:13
end_of_record
TN:
SF:C:\Users\ptdri\OneDrive\Desktop\Data Apps\React\Testing\Test-Driven Development\carousel\src\tests\jestSetup.js
FNF:0
FNH:0
DA:7,5
LF:1
LH:1
BRF:0
BRH:0
end_of_record
